<?xml version="1.0" encoding="UTF-8"?>
<!-- Generated by org.testng.reporters.JUnitReportReporter -->
<testsuite hostname="DESKTOP-N48P201" failures="0" tests="1" name="test.TC_05_SingleResource" time="2.242" errors="0" timestamp="2025-05-18T02:39:27 IST" skipped="0">
  <testcase classname="test.TC_05_SingleResource" name="get" time="2.242"/>
</testsuite> <!-- test.TC_05_SingleResource -->
