<?xml version="1.0" encoding="UTF-8"?>
<!-- Generated by org.testng.reporters.JUnitReportReporter -->
<testsuite hostname="DESKTOP-N48P201" failures="0" tests="1" name="test.TC_03" time="2.105" errors="0" timestamp="2025-05-17T22:12:28 IST" skipped="0">
  <testcase classname="test.TC_03" name="patch" time="2.105"/>
</testsuite> <!-- test.TC_03 -->
