<?xml version="1.0" encoding="UTF-8"?>
<!-- Generated by org.testng.reporters.JUnitReportReporter -->
<testsuite hostname="DESKTOP-N48P201" failures="0" tests="1" name="test.TC_03_Single_User_Not_Found" time="1.816" errors="0" timestamp="2025-05-18T02:40:15 IST" skipped="0">
  <testcase classname="test.TC_03_Single_User_Not_Found" name="get" time="1.816"/>
</testsuite> <!-- test.TC_03_Single_User_Not_Found -->
