<?xml version="1.0" encoding="UTF-8"?>
<!-- Generated by org.testng.reporters.JUnitReportReporter -->
<testsuite hostname="DESKTOP-N48P201" failures="0" tests="1" name="test.TC_04_ListResource" time="1.747" errors="0" timestamp="2025-05-18T02:38:20 IST" skipped="0">
  <testcase classname="test.TC_04_ListResource" name="get" time="1.747"/>
</testsuite> <!-- test.TC_04_ListResource -->
