<?xml version="1.0" encoding="UTF-8"?>
<!-- Generated by org.testng.reporters.JUnitReportReporter -->
<testsuite hostname="DESKTOP-N48P201" failures="0" tests="1" name="test.TC_05" time="2.197" errors="0" timestamp="2025-05-17T22:14:35 IST" skipped="0">
  <testcase classname="test.TC_05" name="put" time="2.197"/>
</testsuite> <!-- test.TC_05 -->
