<?xml version="1.0" encoding="UTF-8"?>
<!-- Generated by org.testng.reporters.JUnitReportReporter -->
<testsuite hostname="DESKTOP-N48P201" failures="0" tests="1" name="test.TC_02_SingleUser" time="2.730" errors="0" timestamp="2025-05-18T02:18:53 IST" skipped="0">
  <testcase classname="test.TC_02_SingleUser" name="get" time="2.730"/>
</testsuite> <!-- test.TC_02_SingleUser -->
